# JRE version: OpenJDK Runtime Environment JBR-17.0.8.1+7-1059.3-nomod (17.0.8.1+7) (build 17.0.8.1+7-b1059.3)
# Java VM: OpenJDK 64-Bit Server VM JBR-17.0.8.1+7-1059.3-nomod (17.0.8.1+7-b1059.3, mixed mode, tiered, compressed oops, compressed class ptrs, g1 gc, windows-amd64)
GC Precious Log:
 CPUs: 8 total, 8 available
 Memory: 7918M
 Large Page Support: Disabled
 NUMA Support: Disabled
 Compressed Oops: Enabled (32-bit)
 Heap Region Size: 1M
 Heap Min Capacity: 8M
 Heap Initial Capacity: 124M
 Heap Max Capacity: 1980M
 Pre-touch: Disabled
 Parallel Workers: 8
 Concurrent Workers: 2
 Concurrent Refinement Workers: 8
 Periodic GC: Disabled
Heap:
 garbage-first heap   total 77824K, used 20972K [0x0000000084400000, 0x0000000100000000)
  region size 1024K, 11 young (11264K), 1 survivors (1024K)
 Metaspace       used 27319K, committed 27584K, reserved 1114112K
  class space    used 2990K, committed 3136K, reserved 1048576K
GC Heap History (20 events):
Event: 3.045 GC heap before
{Heap before GC invocations=0 (full 0):
 garbage-first heap   total 126976K, used 22528K [0x0000000084400000, 0x0000000100000000)
  region size 1024K, 23 young (23552K), 0 survivors (0K)
 Metaspace       used 14570K, committed 14720K, reserved 1114112K
  class space    used 1507K, committed 1600K, reserved 1048576K
}
Event: 3.057 GC heap after
{Heap after GC invocations=1 (full 0):
 garbage-first heap   total 126976K, used 3827K [0x0000000084400000, 0x0000000100000000)
  region size 1024K, 3 young (3072K), 3 survivors (3072K)
 Metaspace       used 14570K, committed 14720K, reserved 1114112K
  class space    used 1507K, committed 1600K, reserved 1048576K
}
Event: 4.410 GC heap before
{Heap before GC invocations=1 (full 0):
 garbage-first heap   total 126976K, used 34547K [0x0000000084400000, 0x0000000100000000)
  region size 1024K, 33 young (33792K), 3 survivors (3072K)
 Metaspace       used 18546K, committed 18752K, reserved 1114112K
  class space    used 2022K, committed 2112K, reserved 1048576K
}
Event: 4.421 GC heap after
{Heap after GC invocations=2 (full 0):
 garbage-first heap   total 126976K, used 5660K [0x0000000084400000, 0x0000000100000000)
  region size 1024K, 2 young (2048K), 2 survivors (2048K)
 Metaspace       used 18546K, committed 18752K, reserved 1114112K
  class space    used 2022K, committed 2112K, reserved 1048576K
}
Event: 5.119 GC heap before
{Heap before GC invocations=2 (full 0):
 garbage-first heap   total 126976K, used 21020K [0x0000000084400000, 0x0000000100000000)
  region size 1024K, 18 young (18432K), 2 survivors (2048K)
 Metaspace       used 21362K, committed 21504K, reserved 1114112K
  class space    used 2419K, committed 2496K, reserved 1048576K
}
Event: 5.127 GC heap after
{Heap after GC invocations=3 (full 0):
 garbage-first heap   total 126976K, used 6765K [0x0000000084400000, 0x0000000100000000)
  region size 1024K, 3 young (3072K), 3 survivors (3072K)
 Metaspace       used 21362K, committed 21504K, reserved 1114112K
  class space    used 2419K, committed 2496K, reserved 1048576K
}
Event: 5.839 GC heap before
{Heap before GC invocations=4 (full 0):
 garbage-first heap   total 27648K, used 20077K [0x0000000084400000, 0x0000000100000000)
  region size 1024K, 16 young (16384K), 3 survivors (3072K)
 Metaspace       used 24122K, committed 24384K, reserved 1114112K
  class space    used 2732K, committed 2880K, reserved 1048576K
}
Event: 5.847 GC heap after
{Heap after GC invocations=5 (full 0):
 garbage-first heap   total 27648K, used 7804K [0x0000000084400000, 0x0000000100000000)
  region size 1024K, 2 young (2048K), 2 survivors (2048K)
 Metaspace       used 24122K, committed 24384K, reserved 1114112K
  class space    used 2732K, committed 2880K, reserved 1048576K
}
Event: 5.884 GC heap before
{Heap before GC invocations=5 (full 0):
 garbage-first heap   total 27648K, used 8828K [0x0000000084400000, 0x0000000100000000)
  region size 1024K, 3 young (3072K), 2 survivors (2048K)
 Metaspace       used 24200K, committed 24448K, reserved 1114112K
  class space    used 2739K, committed 2880K, reserved 1048576K
}
Event: 5.890 GC heap after
{Heap after GC invocations=6 (full 0):
 garbage-first heap   total 27648K, used 7996K [0x0000000084400000, 0x0000000100000000)
  region size 1024K, 1 young (1024K), 1 survivors (1024K)
 Metaspace       used 24200K, committed 24448K, reserved 1114112K
  class space    used 2739K, committed 2880K, reserved 1048576K
}
Event: 6.277 GC heap before
{Heap before GC invocations=6 (full 0):
 garbage-first heap   total 27648K, used 19260K [0x0000000084400000, 0x0000000100000000)
  region size 1024K, 12 young (12288K), 1 survivors (1024K)
 Metaspace       used 24648K, committed 24896K, reserved 1114112K
  class space    used 2781K, committed 2944K, reserved 1048576K
}
Event: 6.280 GC heap after
{Heap after GC invocations=7 (full 0):
 garbage-first heap   total 27648K, used 8540K [0x0000000084400000, 0x0000000100000000)
  region size 1024K, 1 young (1024K), 1 survivors (1024K)
 Metaspace       used 24648K, committed 24896K, reserved 1114112K
  class space    used 2781K, committed 2944K, reserved 1048576K
}
Event: 6.655 GC heap before
{Heap before GC invocations=7 (full 0):
 garbage-first heap   total 27648K, used 20828K [0x0000000084400000, 0x0000000100000000)
  region size 1024K, 13 young (13312K), 1 survivors (1024K)
 Metaspace       used 25608K, committed 25856K, reserved 1114112K
  class space    used 2894K, committed 3008K, reserved 1048576K
}
Event: 6.659 GC heap after
{Heap after GC invocations=8 (full 0):
 garbage-first heap   total 27648K, used 9229K [0x0000000084400000, 0x0000000100000000)
  region size 1024K, 2 young (2048K), 2 survivors (2048K)
 Metaspace       used 25608K, committed 25856K, reserved 1114112K
  class space    used 2894K, committed 3008K, reserved 1048576K
}
Event: 7.655 GC heap before
{Heap before GC invocations=8 (full 0):
 garbage-first heap   total 27648K, used 20493K [0x0000000084400000, 0x0000000100000000)
  region size 1024K, 13 young (13312K), 2 survivors (2048K)
 Metaspace       used 26382K, committed 26624K, reserved 1114112K
  class space    used 2953K, committed 3072K, reserved 1048576K
}
Event: 7.660 GC heap after
{Heap after GC invocations=9 (full 0):
 garbage-first heap   total 27648K, used 10020K [0x0000000084400000, 0x0000000100000000)
  region size 1024K, 2 young (2048K), 2 survivors (2048K)
 Metaspace       used 26382K, committed 26624K, reserved 1114112K
  class space    used 2953K, committed 3072K, reserved 1048576K
}
Event: 7.796 GC heap before
{Heap before GC invocations=9 (full 0):
 garbage-first heap   total 27648K, used 20260K [0x0000000084400000, 0x0000000100000000)
  region size 1024K, 12 young (12288K), 2 survivors (2048K)
 Metaspace       used 26918K, committed 27200K, reserved 1114112K
  class space    used 2986K, committed 3136K, reserved 1048576K
}
Event: 7.802 GC heap after
{Heap after GC invocations=10 (full 0):
 garbage-first heap   total 27648K, used 11181K [0x0000000084400000, 0x0000000100000000)
  region size 1024K, 2 young (2048K), 2 survivors (2048K)
 Metaspace       used 26918K, committed 27200K, reserved 1114112K
  class space    used 2986K, committed 3136K, reserved 1048576K
}
Event: 7.921 GC heap before
{Heap before GC invocations=10 (full 0):
 garbage-first heap   total 27648K, used 21421K [0x0000000084400000, 0x0000000100000000)
  region size 1024K, 12 young (12288K), 2 survivors (2048K)
 Metaspace       used 27092K, committed 27328K, reserved 1114112K
  class space    used 2988K, committed 3136K, reserved 1048576K
}
Event: 7.926 GC heap after
{Heap after GC invocations=11 (full 0):
 garbage-first heap   total 77824K, used 11756K [0x0000000084400000, 0x0000000100000000)
  region size 1024K, 1 young (1024K), 1 survivors (1024K)
 Metaspace       used 27092K, committed 27328K, reserved 1114112K
  class space    used 2988K, committed 3136K, reserved 1048576K
}

