# JRE version: OpenJDK Runtime Environment JBR-17.0.8.1+7-1059.3-nomod (17.0.8.1+7) (build 17.0.8.1+7-b1059.3)
# Java VM: OpenJDK 64-Bit Server VM JBR-17.0.8.1+7-1059.3-nomod (17.0.8.1+7-b1059.3, mixed mode, tiered, compressed oops, compressed class ptrs, g1 gc, windows-amd64)
GC Precious Log:
 CPUs: 8 total, 8 available
 Memory: 7918M
 Large Page Support: Disabled
 NUMA Support: Disabled
 Compressed Oops: Enabled (32-bit)
 Heap Region Size: 1M
 Heap Min Capacity: 8M
 Heap Initial Capacity: 124M
 Heap Max Capacity: 1980M
 Pre-touch: Disabled
 Parallel Workers: 8
 Concurrent Workers: 2
 Concurrent Refinement Workers: 8
 Periodic GC: Disabled
Heap:
 garbage-first heap   total 78848K, used 52242K [0x0000000084400000, 0x0000000100000000)
  region size 1024K, 43 young (44032K), 2 survivors (2048K)
 Metaspace       used 28926K, committed 29248K, reserved 1114112K
  class space    used 3240K, committed 3392K, reserved 1048576K
GC Heap History (14 events):
Event: 1.611 GC heap before
{Heap before GC invocations=0 (full 0):
 garbage-first heap   total 126976K, used 23552K [0x0000000084400000, 0x0000000100000000)
  region size 1024K, 23 young (23552K), 0 survivors (0K)
 Metaspace       used 14557K, committed 14784K, reserved 1114112K
  class space    used 1507K, committed 1600K, reserved 1048576K
}
Event: 1.618 GC heap after
{Heap after GC invocations=1 (full 0):
 garbage-first heap   total 126976K, used 3840K [0x0000000084400000, 0x0000000100000000)
  region size 1024K, 3 young (3072K), 3 survivors (3072K)
 Metaspace       used 14557K, committed 14784K, reserved 1114112K
  class space    used 1507K, committed 1600K, reserved 1048576K
}
Event: 2.008 GC heap before
{Heap before GC invocations=1 (full 0):
 garbage-first heap   total 126976K, used 34560K [0x0000000084400000, 0x0000000100000000)
  region size 1024K, 33 young (33792K), 3 survivors (3072K)
 Metaspace       used 18997K, committed 19200K, reserved 1114112K
  class space    used 2055K, committed 2112K, reserved 1048576K
}
Event: 2.016 GC heap after
{Heap after GC invocations=2 (full 0):
 garbage-first heap   total 126976K, used 6098K [0x0000000084400000, 0x0000000100000000)
  region size 1024K, 2 young (2048K), 2 survivors (2048K)
 Metaspace       used 18997K, committed 19200K, reserved 1114112K
  class space    used 2055K, committed 2112K, reserved 1048576K
}
Event: 2.229 GC heap before
{Heap before GC invocations=2 (full 0):
 garbage-first heap   total 126976K, used 18386K [0x0000000084400000, 0x0000000100000000)
  region size 1024K, 15 young (15360K), 2 survivors (2048K)
 Metaspace       used 21328K, committed 21504K, reserved 1114112K
  class space    used 2378K, committed 2496K, reserved 1048576K
}
Event: 2.233 GC heap after
{Heap after GC invocations=3 (full 0):
 garbage-first heap   total 126976K, used 7331K [0x0000000084400000, 0x0000000100000000)
  region size 1024K, 4 young (4096K), 4 survivors (4096K)
 Metaspace       used 21328K, committed 21504K, reserved 1114112K
  class space    used 2378K, committed 2496K, reserved 1048576K
}
Event: 2.531 GC heap before
{Heap before GC invocations=4 (full 0):
 garbage-first heap   total 30720K, used 22691K [0x0000000084400000, 0x0000000100000000)
  region size 1024K, 20 young (20480K), 4 survivors (4096K)
 Metaspace       used 24644K, committed 24896K, reserved 1114112K
  class space    used 2771K, committed 2880K, reserved 1048576K
}
Event: 2.538 GC heap after
{Heap after GC invocations=5 (full 0):
 garbage-first heap   total 30720K, used 8721K [0x0000000084400000, 0x0000000100000000)
  region size 1024K, 5 young (5120K), 5 survivors (5120K)
 Metaspace       used 24644K, committed 24896K, reserved 1114112K
  class space    used 2771K, committed 2880K, reserved 1048576K
}
Event: 2.695 GC heap before
{Heap before GC invocations=5 (full 0):
 garbage-first heap   total 30720K, used 22033K [0x0000000084400000, 0x0000000100000000)
  region size 1024K, 18 young (18432K), 5 survivors (5120K)
 Metaspace       used 25171K, committed 25344K, reserved 1114112K
  class space    used 2816K, committed 2880K, reserved 1048576K
}
Event: 2.701 GC heap after
{Heap after GC invocations=6 (full 0):
 garbage-first heap   total 30720K, used 9506K [0x0000000084400000, 0x0000000100000000)
  region size 1024K, 3 young (3072K), 3 survivors (3072K)
 Metaspace       used 25171K, committed 25344K, reserved 1114112K
  class space    used 2816K, committed 2880K, reserved 1048576K
}
Event: 2.886 GC heap before
{Heap before GC invocations=6 (full 0):
 garbage-first heap   total 30720K, used 22818K [0x0000000084400000, 0x0000000100000000)
  region size 1024K, 16 young (16384K), 3 survivors (3072K)
 Metaspace       used 26135K, committed 26304K, reserved 1114112K
  class space    used 2930K, committed 3008K, reserved 1048576K
}
Event: 2.890 GC heap after
{Heap after GC invocations=7 (full 0):
 garbage-first heap   total 30720K, used 10394K [0x0000000084400000, 0x0000000100000000)
  region size 1024K, 2 young (2048K), 2 survivors (2048K)
 Metaspace       used 26135K, committed 26304K, reserved 1114112K
  class space    used 2930K, committed 3008K, reserved 1048576K
}
Event: 3.060 GC heap before
{Heap before GC invocations=7 (full 0):
 garbage-first heap   total 30720K, used 22682K [0x0000000084400000, 0x0000000100000000)
  region size 1024K, 14 young (14336K), 2 survivors (2048K)
 Metaspace       used 26937K, committed 27136K, reserved 1114112K
  class space    used 2990K, committed 3072K, reserved 1048576K
}
Event: 3.064 GC heap after
{Heap after GC invocations=8 (full 0):
 garbage-first heap   total 78848K, used 11282K [0x0000000084400000, 0x0000000100000000)
  region size 1024K, 2 young (2048K), 2 survivors (2048K)
 Metaspace       used 26937K, committed 27136K, reserved 1114112K
  class space    used 2990K, committed 3072K, reserved 1048576K
}

