# JRE version: OpenJDK Runtime Environment JBR-17.0.8.1+7-1059.3-nomod (17.0.8.1+7) (build 17.0.8.1+7-b1059.3)
# Java VM: OpenJDK 64-Bit Server VM JBR-17.0.8.1+7-1059.3-nomod (17.0.8.1+7-b1059.3, mixed mode, tiered, compressed oops, compressed class ptrs, g1 gc, windows-amd64)
GC Precious Log:
 CPUs: 8 total, 8 available
 Memory: 7918M
 Large Page Support: Disabled
 NUMA Support: Disabled
 Compressed Oops: Enabled (32-bit)
 Heap Region Size: 1M
 Heap Min Capacity: 8M
 Heap Initial Capacity: 124M
 Heap Max Capacity: 1980M
 Pre-touch: Disabled
 Parallel Workers: 8
 Concurrent Workers: 2
 Concurrent Refinement Workers: 8
 Periodic GC: Disabled
Heap:
 garbage-first heap   total 77824K, used 13887K [0x0000000084400000, 0x0000000100000000)
  region size 1024K, 7 young (7168K), 5 survivors (5120K)
 Metaspace       used 28807K, committed 29120K, reserved 1114112K
  class space    used 3227K, committed 3392K, reserved 1048576K
GC Heap History (16 events):
Event: 3.103 GC heap before
{Heap before GC invocations=0 (full 0):
 garbage-first heap   total 126976K, used 22528K [0x0000000084400000, 0x0000000100000000)
  region size 1024K, 23 young (23552K), 0 survivors (0K)
 Metaspace       used 14549K, committed 14720K, reserved 1114112K
  class space    used 1507K, committed 1600K, reserved 1048576K
}
Event: 3.113 GC heap after
{Heap after GC invocations=1 (full 0):
 garbage-first heap   total 126976K, used 3971K [0x0000000084400000, 0x0000000100000000)
  region size 1024K, 3 young (3072K), 3 survivors (3072K)
 Metaspace       used 14549K, committed 14720K, reserved 1114112K
  class space    used 1507K, committed 1600K, reserved 1048576K
}
Event: 5.251 GC heap before
{Heap before GC invocations=1 (full 0):
 garbage-first heap   total 126976K, used 34691K [0x0000000084400000, 0x0000000100000000)
  region size 1024K, 33 young (33792K), 3 survivors (3072K)
 Metaspace       used 18545K, committed 18752K, reserved 1114112K
  class space    used 2022K, committed 2112K, reserved 1048576K
}
Event: 5.260 GC heap after
{Heap after GC invocations=2 (full 0):
 garbage-first heap   total 126976K, used 5530K [0x0000000084400000, 0x0000000100000000)
  region size 1024K, 2 young (2048K), 2 survivors (2048K)
 Metaspace       used 18545K, committed 18752K, reserved 1114112K
  class space    used 2022K, committed 2112K, reserved 1048576K
}
Event: 6.050 GC heap before
{Heap before GC invocations=2 (full 0):
 garbage-first heap   total 126976K, used 20890K [0x0000000084400000, 0x0000000100000000)
  region size 1024K, 18 young (18432K), 2 survivors (2048K)
 Metaspace       used 21346K, committed 21504K, reserved 1114112K
  class space    used 2420K, committed 2496K, reserved 1048576K
}
Event: 6.058 GC heap after
{Heap after GC invocations=3 (full 0):
 garbage-first heap   total 126976K, used 6858K [0x0000000084400000, 0x0000000100000000)
  region size 1024K, 3 young (3072K), 3 survivors (3072K)
 Metaspace       used 21346K, committed 21504K, reserved 1114112K
  class space    used 2420K, committed 2496K, reserved 1048576K
}
Event: 6.711 GC heap before
{Heap before GC invocations=4 (full 0):
 garbage-first heap   total 27648K, used 20170K [0x0000000084400000, 0x0000000100000000)
  region size 1024K, 16 young (16384K), 3 survivors (3072K)
 Metaspace       used 24130K, committed 24384K, reserved 1114112K
  class space    used 2732K, committed 2880K, reserved 1048576K
}
Event: 6.723 GC heap after
{Heap after GC invocations=5 (full 0):
 garbage-first heap   total 27648K, used 7819K [0x0000000084400000, 0x0000000100000000)
  region size 1024K, 2 young (2048K), 2 survivors (2048K)
 Metaspace       used 24130K, committed 24384K, reserved 1114112K
  class space    used 2732K, committed 2880K, reserved 1048576K
}
Event: 6.782 GC heap before
{Heap before GC invocations=5 (full 0):
 garbage-first heap   total 27648K, used 7819K [0x0000000084400000, 0x0000000100000000)
  region size 1024K, 3 young (3072K), 2 survivors (2048K)
 Metaspace       used 24208K, committed 24448K, reserved 1114112K
  class space    used 2739K, committed 2880K, reserved 1048576K
}
Event: 6.790 GC heap after
{Heap after GC invocations=6 (full 0):
 garbage-first heap   total 27648K, used 7989K [0x0000000084400000, 0x0000000100000000)
  region size 1024K, 1 young (1024K), 1 survivors (1024K)
 Metaspace       used 24208K, committed 24448K, reserved 1114112K
  class space    used 2739K, committed 2880K, reserved 1048576K
}
Event: 7.139 GC heap before
{Heap before GC invocations=6 (full 0):
 garbage-first heap   total 27648K, used 19253K [0x0000000084400000, 0x0000000100000000)
  region size 1024K, 12 young (12288K), 1 survivors (1024K)
 Metaspace       used 24657K, committed 24896K, reserved 1114112K
  class space    used 2781K, committed 2944K, reserved 1048576K
}
Event: 7.142 GC heap after
{Heap after GC invocations=7 (full 0):
 garbage-first heap   total 27648K, used 8523K [0x0000000084400000, 0x0000000100000000)
  region size 1024K, 1 young (1024K), 1 survivors (1024K)
 Metaspace       used 24657K, committed 24896K, reserved 1114112K
  class space    used 2781K, committed 2944K, reserved 1048576K
}
Event: 7.466 GC heap before
{Heap before GC invocations=7 (full 0):
 garbage-first heap   total 27648K, used 19787K [0x0000000084400000, 0x0000000100000000)
  region size 1024K, 13 young (13312K), 1 survivors (1024K)
 Metaspace       used 25605K, committed 25856K, reserved 1114112K
  class space    used 2894K, committed 3008K, reserved 1048576K
}
Event: 7.470 GC heap after
{Heap after GC invocations=8 (full 0):
 garbage-first heap   total 27648K, used 9247K [0x0000000084400000, 0x0000000100000000)
  region size 1024K, 2 young (2048K), 2 survivors (2048K)
 Metaspace       used 25605K, committed 25856K, reserved 1114112K
  class space    used 2894K, committed 3008K, reserved 1048576K
}
Event: 7.943 GC heap before
{Heap before GC invocations=8 (full 0):
 garbage-first heap   total 27648K, used 20511K [0x0000000084400000, 0x0000000100000000)
  region size 1024K, 13 young (13312K), 2 survivors (2048K)
 Metaspace       used 26368K, committed 26624K, reserved 1114112K
  class space    used 2953K, committed 3072K, reserved 1048576K
}
Event: 7.948 GC heap after
{Heap after GC invocations=9 (full 0):
 garbage-first heap   total 77824K, used 10012K [0x0000000084400000, 0x0000000100000000)
  region size 1024K, 2 young (2048K), 2 survivors (2048K)
 Metaspace       used 26368K, committed 26624K, reserved 1114112K
  class space    used 2953K, committed 3072K, reserved 1048576K
}

